<?xml version="1.0" encoding="UTF-8"?>
<!-- Generated by org.testng.reporters.JUnitReportReporter -->
<testsuite hostname="Rahul" failures="0" tests="1" name="ToolsQA.RestApi.tests.UserAuthorized" time="0.634" errors="0" timestamp="25 Sep 2023 10:20:08 GMT" skipped="0">
  <testcase classname="ToolsQA.RestApi.tests.UserAuthorized" name="authorizedUser" time="0.634"/>
</testsuite> <!-- ToolsQA.RestApi.tests.UserAuthorized -->
