<?xml version="1.0" encoding="UTF-8"?>
<!-- Generated by org.testng.reporters.JUnitReportReporter -->
<testsuite hostname="Rahul" failures="0" tests="2" name="TestNG.tests.AnnotationClasses" time="0.010" errors="0" timestamp="11 Oct 2023 15:44:59 GMT" skipped="0">
  <testcase classname="TestNG.tests.AnnotationClasses" name="SendOTPTestclassAMethod3" time="0.006"/>
  <testcase classname="TestNG.tests.AnnotationClasses" name="resetPasswordTestClassAMethod2" time="0.004"/>
</testsuite> <!-- TestNG.tests.AnnotationClasses -->
