<?xml version="1.0" encoding="UTF-8"?>
<!-- Generated by org.testng.reporters.JUnitReportReporter -->
<testsuite hostname="Rahul" failures="0" tests="1" name="ToolsQA.RestApi.tests.Books" time="1.642" errors="0" timestamp="25 Sep 2023 10:30:58 GMT" skipped="0">
  <testcase classname="ToolsQA.RestApi.tests.Books" name="getBooks" time="1.642"/>
</testsuite> <!-- ToolsQA.RestApi.tests.Books -->
