<?xml version="1.0" encoding="UTF-8"?>
<!-- Generated by org.testng.reporters.JUnitReportReporter -->
<testsuite hostname="Rahul" failures="0" tests="1" name="ToolsQA.RestApi.tests.GenerateToken" time="1.035" errors="0" timestamp="25 Sep 2023 10:20:08 GMT" skipped="0">
  <testcase classname="ToolsQA.RestApi.tests.GenerateToken" name="generateToken" time="1.035"/>
</testsuite> <!-- ToolsQA.RestApi.tests.GenerateToken -->
