<?xml version="1.0" encoding="UTF-8"?>
<!-- Generated by org.testng.reporters.JUnitReportReporter -->
<testsuite hostname="Rahul" failures="0" tests="102" name="TestNG.tests.ClassB" time="0.068" errors="0" timestamp="11 Oct 2023 15:20:06 GMT" skipped="0">
  <testcase classname="TestNG.tests.ClassB" name="loginPageTestClassBMethod1" time="0.009"/>
  <testcase classname="TestNG.tests.ClassB" name="resetPasswordTestClassBMethod2" time="0.001"/>
  <testcase classname="TestNG.tests.ClassB" name="SendOTPTestclassBMethod3" time="0.001"/>
  <testcase classname="TestNG.tests.ClassB" name="SendOTPTestclassBMethod3" time="0.000"/>
  <testcase classname="TestNG.tests.ClassB" name="SendOTPTestclassBMethod3" time="0.000"/>
  <testcase classname="TestNG.tests.ClassB" name="SendOTPTestclassBMethod3" time="0.000"/>
  <testcase classname="TestNG.tests.ClassB" name="SendOTPTestclassBMethod3" time="0.001"/>
  <testcase classname="TestNG.tests.ClassB" name="SendOTPTestclassBMethod3" time="0.000"/>
  <testcase classname="TestNG.tests.ClassB" name="SendOTPTestclassBMethod3" time="0.000"/>
  <testcase classname="TestNG.tests.ClassB" name="SendOTPTestclassBMethod3" time="0.001"/>
  <testcase classname="TestNG.tests.ClassB" name="SendOTPTestclassBMethod3" time="0.000"/>
  <testcase classname="TestNG.tests.ClassB" name="SendOTPTestclassBMethod3" time="0.000"/>
  <testcase classname="TestNG.tests.ClassB" name="SendOTPTestclassBMethod3" time="0.000"/>
  <testcase classname="TestNG.tests.ClassB" name="SendOTPTestclassBMethod3" time="0.000"/>
  <testcase classname="TestNG.tests.ClassB" name="SendOTPTestclassBMethod3" time="0.001"/>
  <testcase classname="TestNG.tests.ClassB" name="SendOTPTestclassBMethod3" time="0.001"/>
  <testcase classname="TestNG.tests.ClassB" name="SendOTPTestclassBMethod3" time="0.000"/>
  <testcase classname="TestNG.tests.ClassB" name="SendOTPTestclassBMethod3" time="0.000"/>
  <testcase classname="TestNG.tests.ClassB" name="SendOTPTestclassBMethod3" time="0.000"/>
  <testcase classname="TestNG.tests.ClassB" name="SendOTPTestclassBMethod3" time="0.001"/>
  <testcase classname="TestNG.tests.ClassB" name="SendOTPTestclassBMethod3" time="0.001"/>
  <testcase classname="TestNG.tests.ClassB" name="SendOTPTestclassBMethod3" time="0.001"/>
  <testcase classname="TestNG.tests.ClassB" name="SendOTPTestclassBMethod3" time="0.000"/>
  <testcase classname="TestNG.tests.ClassB" name="SendOTPTestclassBMethod3" time="0.002"/>
  <testcase classname="TestNG.tests.ClassB" name="SendOTPTestclassBMethod3" time="0.000"/>
  <testcase classname="TestNG.tests.ClassB" name="SendOTPTestclassBMethod3" time="0.000"/>
  <testcase classname="TestNG.tests.ClassB" name="SendOTPTestclassBMethod3" time="0.000"/>
  <testcase classname="TestNG.tests.ClassB" name="SendOTPTestclassBMethod3" time="0.001"/>
  <testcase classname="TestNG.tests.ClassB" name="SendOTPTestclassBMethod3" time="0.000"/>
  <testcase classname="TestNG.tests.ClassB" name="SendOTPTestclassBMethod3" time="0.001"/>
  <testcase classname="TestNG.tests.ClassB" name="SendOTPTestclassBMethod3" time="0.000"/>
  <testcase classname="TestNG.tests.ClassB" name="SendOTPTestclassBMethod3" time="0.000"/>
  <testcase classname="TestNG.tests.ClassB" name="SendOTPTestclassBMethod3" time="0.001"/>
  <testcase classname="TestNG.tests.ClassB" name="SendOTPTestclassBMethod3" time="0.000"/>
  <testcase classname="TestNG.tests.ClassB" name="SendOTPTestclassBMethod3" time="0.000"/>
  <testcase classname="TestNG.tests.ClassB" name="SendOTPTestclassBMethod3" time="0.000"/>
  <testcase classname="TestNG.tests.ClassB" name="SendOTPTestclassBMethod3" time="0.000"/>
  <testcase classname="TestNG.tests.ClassB" name="SendOTPTestclassBMethod3" time="0.001"/>
  <testcase classname="TestNG.tests.ClassB" name="SendOTPTestclassBMethod3" time="0.000"/>
  <testcase classname="TestNG.tests.ClassB" name="SendOTPTestclassBMethod3" time="0.001"/>
  <testcase classname="TestNG.tests.ClassB" name="SendOTPTestclassBMethod3" time="0.001"/>
  <testcase classname="TestNG.tests.ClassB" name="SendOTPTestclassBMethod3" time="0.001"/>
  <testcase classname="TestNG.tests.ClassB" name="SendOTPTestclassBMethod3" time="0.001"/>
  <testcase classname="TestNG.tests.ClassB" name="SendOTPTestclassBMethod3" time="0.000"/>
  <testcase classname="TestNG.tests.ClassB" name="SendOTPTestclassBMethod3" time="0.000"/>
  <testcase classname="TestNG.tests.ClassB" name="SendOTPTestclassBMethod3" time="0.002"/>
  <testcase classname="TestNG.tests.ClassB" name="SendOTPTestclassBMethod3" time="0.016"/>
  <testcase classname="TestNG.tests.ClassB" name="SendOTPTestclassBMethod3" time="0.000"/>
  <testcase classname="TestNG.tests.ClassB" name="SendOTPTestclassBMethod3" time="0.001"/>
  <testcase classname="TestNG.tests.ClassB" name="SendOTPTestclassBMethod3" time="0.000"/>
  <testcase classname="TestNG.tests.ClassB" name="SendOTPTestclassBMethod3" time="0.000"/>
  <testcase classname="TestNG.tests.ClassB" name="SendOTPTestclassBMethod3" time="0.000"/>
  <testcase classname="TestNG.tests.ClassB" name="SendOTPTestclassBMethod3" time="0.000"/>
  <testcase classname="TestNG.tests.ClassB" name="SendOTPTestclassBMethod3" time="0.000"/>
  <testcase classname="TestNG.tests.ClassB" name="SendOTPTestclassBMethod3" time="0.000"/>
  <testcase classname="TestNG.tests.ClassB" name="SendOTPTestclassBMethod3" time="0.001"/>
  <testcase classname="TestNG.tests.ClassB" name="SendOTPTestclassBMethod3" time="0.001"/>
  <testcase classname="TestNG.tests.ClassB" name="SendOTPTestclassBMethod3" time="0.000"/>
  <testcase classname="TestNG.tests.ClassB" name="SendOTPTestclassBMethod3" time="0.000"/>
  <testcase classname="TestNG.tests.ClassB" name="SendOTPTestclassBMethod3" time="0.001"/>
  <testcase classname="TestNG.tests.ClassB" name="SendOTPTestclassBMethod3" time="0.001"/>
  <testcase classname="TestNG.tests.ClassB" name="SendOTPTestclassBMethod3" time="0.000"/>
  <testcase classname="TestNG.tests.ClassB" name="SendOTPTestclassBMethod3" time="0.000"/>
  <testcase classname="TestNG.tests.ClassB" name="SendOTPTestclassBMethod3" time="0.001"/>
  <testcase classname="TestNG.tests.ClassB" name="SendOTPTestclassBMethod3" time="0.000"/>
  <testcase classname="TestNG.tests.ClassB" name="SendOTPTestclassBMethod3" time="0.000"/>
  <testcase classname="TestNG.tests.ClassB" name="SendOTPTestclassBMethod3" time="0.001"/>
  <testcase classname="TestNG.tests.ClassB" name="SendOTPTestclassBMethod3" time="0.001"/>
  <testcase classname="TestNG.tests.ClassB" name="SendOTPTestclassBMethod3" time="0.001"/>
  <testcase classname="TestNG.tests.ClassB" name="SendOTPTestclassBMethod3" time="0.000"/>
  <testcase classname="TestNG.tests.ClassB" name="SendOTPTestclassBMethod3" time="0.001"/>
  <testcase classname="TestNG.tests.ClassB" name="SendOTPTestclassBMethod3" time="0.000"/>
  <testcase classname="TestNG.tests.ClassB" name="SendOTPTestclassBMethod3" time="0.000"/>
  <testcase classname="TestNG.tests.ClassB" name="SendOTPTestclassBMethod3" time="0.001"/>
  <testcase classname="TestNG.tests.ClassB" name="SendOTPTestclassBMethod3" time="0.001"/>
  <testcase classname="TestNG.tests.ClassB" name="SendOTPTestclassBMethod3" time="0.000"/>
  <testcase classname="TestNG.tests.ClassB" name="SendOTPTestclassBMethod3" time="0.000"/>
  <testcase classname="TestNG.tests.ClassB" name="SendOTPTestclassBMethod3" time="0.000"/>
  <testcase classname="TestNG.tests.ClassB" name="SendOTPTestclassBMethod3" time="0.001"/>
  <testcase classname="TestNG.tests.ClassB" name="SendOTPTestclassBMethod3" time="0.001"/>
  <testcase classname="TestNG.tests.ClassB" name="SendOTPTestclassBMethod3" time="0.000"/>
  <testcase classname="TestNG.tests.ClassB" name="SendOTPTestclassBMethod3" time="0.000"/>
  <testcase classname="TestNG.tests.ClassB" name="SendOTPTestclassBMethod3" time="0.000"/>
  <testcase classname="TestNG.tests.ClassB" name="SendOTPTestclassBMethod3" time="0.001"/>
  <testcase classname="TestNG.tests.ClassB" name="SendOTPTestclassBMethod3" time="0.001"/>
  <testcase classname="TestNG.tests.ClassB" name="SendOTPTestclassBMethod3" time="0.000"/>
  <testcase classname="TestNG.tests.ClassB" name="SendOTPTestclassBMethod3" time="0.000"/>
  <testcase classname="TestNG.tests.ClassB" name="SendOTPTestclassBMethod3" time="0.000"/>
  <testcase classname="TestNG.tests.ClassB" name="SendOTPTestclassBMethod3" time="0.000"/>
  <testcase classname="TestNG.tests.ClassB" name="SendOTPTestclassBMethod3" time="0.000"/>
  <testcase classname="TestNG.tests.ClassB" name="SendOTPTestclassBMethod3" time="0.000"/>
  <testcase classname="TestNG.tests.ClassB" name="SendOTPTestclassBMethod3" time="0.001"/>
  <testcase classname="TestNG.tests.ClassB" name="SendOTPTestclassBMethod3" time="0.001"/>
  <testcase classname="TestNG.tests.ClassB" name="SendOTPTestclassBMethod3" time="0.001"/>
  <testcase classname="TestNG.tests.ClassB" name="SendOTPTestclassBMethod3" time="0.000"/>
  <testcase classname="TestNG.tests.ClassB" name="SendOTPTestclassBMethod3" time="0.000"/>
  <testcase classname="TestNG.tests.ClassB" name="SendOTPTestclassBMethod3" time="0.001"/>
  <testcase classname="TestNG.tests.ClassB" name="SendOTPTestclassBMethod3" time="0.000"/>
  <testcase classname="TestNG.tests.ClassB" name="SendOTPTestclassBMethod3" time="0.000"/>
  <testcase classname="TestNG.tests.ClassB" name="SendOTPTestclassBMethod3" time="0.000"/>
  <testcase classname="TestNG.tests.ClassB" name="SendOTPTestclassBMethod3" time="0.000"/>
  <testcase classname="TestNG.tests.ClassB" name="SendOTPTestclassBMethod3" time="0.002"/>
</testsuite> <!-- TestNG.tests.ClassB -->
