<?xml version="1.0" encoding="UTF-8"?>
<!-- Generated by org.testng.reporters.JUnitReportReporter -->
<testsuite hostname="Rahul" failures="0" tests="4" name="ToolsQA.RestApi.tests.EndToEndTest" time="4.564" errors="0" timestamp="26 Sep 2023 13:53:14 GMT" skipped="0">
  <testcase classname="ToolsQA.RestApi.tests.EndToEndTest" name="createUserToAccess" time="2.570"/>
  <testcase classname="ToolsQA.RestApi.tests.EndToEndTest" name="generateToken" time="0.845"/>
  <testcase classname="ToolsQA.RestApi.tests.EndToEndTest" name="getBooks" time="0.575"/>
  <testcase classname="ToolsQA.RestApi.tests.EndToEndTest" name="addBooks" time="0.574"/>
</testsuite> <!-- ToolsQA.RestApi.tests.EndToEndTest -->
