<?xml version="1.0" encoding="UTF-8"?>
<!-- Generated by org.testng.reporters.JUnitReportReporter -->
<testsuite hostname="Rahul" failures="0" tests="3" name="TestNG.tests.ClassA" time="0.009" errors="0" timestamp="11 Oct 2023 15:44:07 GMT" skipped="0">
  <testcase classname="TestNG.tests.ClassA" name="SendOTPTestclassAMethod3" time="0.006"/>
  <testcase classname="TestNG.tests.ClassA" name="loginPageTestClassAMethod1" time="0.002"/>
  <testcase classname="TestNG.tests.ClassA" name="resetPasswordTestClassAMethod2" time="0.001"/>
</testsuite> <!-- TestNG.tests.ClassA -->
